<?xml version="1.0" encoding="UTF-8"?>
<testsuite name="encrypt.service.EncryptControllerSpec" tests="2" skipped="0" failures="0" errors="0" timestamp="2019-02-12T13:05:19" hostname="Lakshithas-MacBook-Pro.local" time="0.439">
  <properties/>
  <testcase name="test encrypt controller" classname="encrypt.service.EncryptControllerSpec" time="0.415"/>
  <testcase name="test encrypt controller2" classname="encrypt.service.EncryptControllerSpec" time="0.022"/>
  <system-out><![CDATA[18:35:16.360 [Test worker] INFO  i.m.context.env.DefaultEnvironment - Established active environments: [test]
18:35:16.386 [Test worker] INFO  i.m.context.env.DefaultEnvironment - Established active environments: [test]
18:35:20.099 [nioEventLoopGroup-1-3] INFO  i.m.d.registration.AutoRegistration - Registered service [encrypt-service] with Consul
18:35:20.355 [Test worker] INFO  i.m.d.registration.AutoRegistration - De-registered service [encrypt-service] with Consul
]]></system-out>
  <system-err><![CDATA[]]></system-err>
</testsuite>
