<?xml version="1.0" encoding="UTF-8"?>
<testsuite name="encrypt.service.EncryptControllerSpec" tests="2" skipped="0" failures="0" errors="0" timestamp="2019-02-12T12:20:48" hostname="Lakshithas-MacBook-Pro.local" time="0.636">
  <properties/>
  <testcase name="test encrypt controller" classname="encrypt.service.EncryptControllerSpec" time="0.612"/>
  <testcase name="test encrypt controller2" classname="encrypt.service.EncryptControllerSpec" time="0.024"/>
  <system-out><![CDATA[17:50:44.816 [Test worker] INFO  i.m.context.env.DefaultEnvironment - Established active environments: [test]
17:50:44.849 [Test worker] INFO  i.m.context.env.DefaultEnvironment - Established active environments: [test]
17:50:49.466 [nioEventLoopGroup-1-3] INFO  i.m.d.registration.AutoRegistration - Registered service [encrypt-service] with Consul
17:50:49.594 [Test worker] INFO  i.m.d.registration.AutoRegistration - De-registered service [encrypt-service] with Consul
]]></system-out>
  <system-err><![CDATA[]]></system-err>
</testsuite>
